
-------------------------------------------------------------------------------
Parsing project file - C:\Users\danaw167\Desktop\Yuugi Mod\project.xml
Mod Data Directory = c:/Users/danaw167/Desktop/Yuugi Mod/

-------------------------------------------------------------------------------
Processing Map Files files...

-------------------------------------------------------------------------------
Running Localization...
Parsing localization/yuugi.string_table.xml

Building Languages
Exporting .loc2 files

-------------------------------------------------------------------------------
Searching for preview icon file c:/Users/danaw167/Desktop/Yuugi Mod/preview_icon.png...FOUND!
<UploadMode> - Set to dont_submit


-------------------------------------------------------------------------------
Modded files...

heroes/yuugi/yuugi_A/anim/yuugi.sprite.afflicted.png
heroes/yuugi/yuugi_A/anim/yuugi.sprite.camp.png
heroes/yuugi/yuugi_A/anim/yuugi.sprite.charge.png
heroes/yuugi/yuugi_A/anim/yuugi.sprite.combat.png
heroes/yuugi/yuugi_A/anim/yuugi.sprite.defend.png
heroes/yuugi/yuugi_A/anim/yuugi.sprite.drink.png
heroes/yuugi/yuugi_A/anim/yuugi.sprite.heroic.png
heroes/yuugi/yuugi_A/anim/yuugi.sprite.idle.png
heroes/yuugi/yuugi_A/anim/yuugi.sprite.investigate.png
heroes/yuugi/yuugi_A/anim/yuugi.sprite.jab.png
heroes/yuugi/yuugi_A/anim/yuugi.sprite.jumpkick.png
heroes/yuugi/yuugi_A/anim/yuugi.sprite.riposte.png
heroes/yuugi/yuugi_A/anim/yuugi.sprite.shout.png
heroes/yuugi/yuugi_A/anim/yuugi.sprite.toss.png
heroes/yuugi/yuugi_A/anim/yuugi.sprite.walk.png
heroes/yuugi/anim/yuugi.sprite.afflicted.atlas
heroes/yuugi/anim/yuugi.sprite.afflicted.skel
heroes/yuugi/anim/yuugi.sprite.camp.atlas
heroes/yuugi/anim/yuugi.sprite.camp.skel
heroes/yuugi/anim/yuugi.sprite.charge.atlas
heroes/yuugi/anim/yuugi.sprite.charge.skel
heroes/yuugi/anim/yuugi.sprite.combat.atlas
heroes/yuugi/anim/yuugi.sprite.combat.skel
heroes/yuugi/anim/yuugi.sprite.defend.atlas
heroes/yuugi/anim/yuugi.sprite.defend.skel
heroes/yuugi/anim/yuugi.sprite.drink.atlas
heroes/yuugi/anim/yuugi.sprite.drink.skel
heroes/yuugi/anim/yuugi.sprite.heroic.atlas
heroes/yuugi/anim/yuugi.sprite.heroic.skel
heroes/yuugi/anim/yuugi.sprite.idle.atlas
heroes/yuugi/anim/yuugi.sprite.idle.skel
heroes/yuugi/anim/yuugi.sprite.investigate.atlas
heroes/yuugi/anim/yuugi.sprite.investigate.skel
heroes/yuugi/anim/yuugi.sprite.jab.atlas
heroes/yuugi/anim/yuugi.sprite.jab.skel
heroes/yuugi/anim/yuugi.sprite.jumpkick.atlas
heroes/yuugi/anim/yuugi.sprite.jumpkick.skel
heroes/yuugi/anim/yuugi.sprite.riposte.atlas
heroes/yuugi/anim/yuugi.sprite.riposte.skel
heroes/yuugi/anim/yuugi.sprite.shout.atlas
heroes/yuugi/anim/yuugi.sprite.shout.skel
heroes/yuugi/anim/yuugi.sprite.toss.atlas
heroes/yuugi/anim/yuugi.sprite.toss.skel
heroes/yuugi/anim/yuugi.sprite.walk.atlas
heroes/yuugi/anim/yuugi.sprite.walk.skel
heroes/yuugi/fx/yuugi.sprite.adrenaline_rush.atlas
heroes/yuugi/fx/yuugi.sprite.adrenaline_rush.png
heroes/yuugi/fx/yuugi.sprite.adrenaline_rush.skel
heroes/yuugi/fx/yuugi.sprite.barbaric_yawp.atlas
heroes/yuugi/fx/yuugi.sprite.barbaric_yawp.png
heroes/yuugi/fx/yuugi.sprite.barbaric_yawp.skel
heroes/yuugi/fx/yuugi.sprite.bleed_out.atlas
heroes/yuugi/fx/yuugi.sprite.bleed_out.png
heroes/yuugi/fx/yuugi.sprite.bleed_out.skel
heroes/yuugi/fx/yuugi.sprite.brand_tainted_target.atlas
heroes/yuugi/fx/yuugi.sprite.brand_tainted_target.png
heroes/yuugi/fx/yuugi.sprite.brand_tainted_target.skel
heroes/yuugi/fx/yuugi.sprite.breakthru.atlas
heroes/yuugi/fx/yuugi.sprite.breakthru.png
heroes/yuugi/fx/yuugi.sprite.breakthru.skel
heroes/yuugi/fx/yuugi.sprite.chop.atlas
heroes/yuugi/fx/yuugi.sprite.chop.png
heroes/yuugi/fx/yuugi.sprite.chop.skel
heroes/yuugi/fx/yuugi.sprite.debris.atlas
heroes/yuugi/fx/yuugi.sprite.debris.png
heroes/yuugi/fx/yuugi.sprite.debris.skel
heroes/yuugi/fx/yuugi.sprite.drum_fear_target.atlas
heroes/yuugi/fx/yuugi.sprite.drum_fear_target.png
heroes/yuugi/fx/yuugi.sprite.drum_fear_target.skel
heroes/yuugi/fx/yuugi.sprite.emboldening_vapours_target.atlas
heroes/yuugi/fx/yuugi.sprite.emboldening_vapours_target.png
heroes/yuugi/fx/yuugi.sprite.emboldening_vapours_target.skel
heroes/yuugi/fx/yuugi.sprite.iron_swan.atlas
heroes/yuugi/fx/yuugi.sprite.iron_swan.png
heroes/yuugi/fx/yuugi.sprite.iron_swan.skel
heroes/yuugi/fx/yuugi.sprite.manacles_target.atlas
heroes/yuugi/fx/yuugi.sprite.manacles_target.png
heroes/yuugi/fx/yuugi.sprite.manacles_target.skel
heroes/yuugi/fx/yuugi.sprite.wicked_hack.atlas
heroes/yuugi/fx/yuugi.sprite.wicked_hack.png
heroes/yuugi/fx/yuugi.sprite.wicked_hack.skel
heroes/yuugi/fx/yuugi.sprite.wicked_surge_target.atlas
heroes/yuugi/fx/yuugi.sprite.wicked_surge_target.png
heroes/yuugi/fx/yuugi.sprite.wicked_surge_target.skel
heroes/yuugi/icons_equip/eqp_armour_0.png
heroes/yuugi/icons_equip/eqp_armour_1.png
heroes/yuugi/icons_equip/eqp_armour_2.png
heroes/yuugi/icons_equip/eqp_armour_3.png
heroes/yuugi/icons_equip/eqp_armour_4.png
heroes/yuugi/icons_equip/eqp_weapon_0.png
heroes/yuugi/icons_equip/eqp_weapon_1.png
heroes/yuugi/icons_equip/eqp_weapon_2.png
heroes/yuugi/icons_equip/eqp_weapon_3.png
heroes/yuugi/icons_equip/eqp_weapon_4.png
heroes/yuugi/yuugi_A/yuugi_portrait_roster.png
raid/camping/skill_icons/camp_skill_yuugi_armwrestle.png
raid/camping/skill_icons/camp_skill_yuugi_encourage.png
raid/camping/skill_icons/camp_skill_yuugi_party.png
campaign/provision/yuugi.provision.json
heroes/yuugi/yuugi.ability.five.png
heroes/yuugi/yuugi.ability.four.png
heroes/yuugi/yuugi.ability.one.png
heroes/yuugi/yuugi.ability.seven.png
heroes/yuugi/yuugi.ability.six.png
heroes/yuugi/yuugi.ability.three.png
heroes/yuugi/yuugi.ability.two.png
heroes/yuugi/yuugi.art.darkest
heroes/yuugi/yuugi.info.darkest
heroes/yuugi/yuugi_guild_header.png
raid/camping/yuugi.camping_skills.json
shared/buffs/yuugi.buffs.json
shared/buffs/yuugiDesk.buffs.json
upgrades/heroes/yuugi.upgrades.json
effects/yuugi.effects.darkest
localization/0_english.loc2
localization/yuugi.string_table.xml
modfiles.txt
preview_icon.png
project.xml


*******************************************************************************
WARNING MOD WILL NOT BE UPLOADED
*******************************************************************************
Saving project file C:\Users\danaw167\Desktop\Yuugi Mod\project.xml

